<?xml version="1.0" encoding="UTF-8"?>
<!-- Generated by org.testng.reporters.JUnitReportReporter -->
<testsuite hostname="DESKTOP-AI0MUDP" failures="0" tests="1" name="Academy.base" time="8.574" errors="0" timestamp="2020-04-16T12:36:52 EEST" skipped="0">
  <testcase classname="Academy.base" name="LALA" time="8.574"/>
</testsuite> <!-- Academy.base -->
