<?xml version="1.0" encoding="UTF-8"?>
<!-- Generated by org.testng.reporters.JUnitReportReporter -->
<testsuite hostname="DESKTOP-AI0MUDP" failures="0" tests="2" name="Academy.validateTitle" time="37.576" errors="0" timestamp="2020-04-17T11:36:25 EEST" skipped="0">
  <testcase classname="Academy.validateTitle" name="basePageNavigation" time="17.739"/>
  <testcase classname="Academy.validateTitle" name="basePageNavigation" time="19.837"/>
</testsuite> <!-- Academy.validateTitle -->
